<?xml version="1.0" encoding="utf-8"?><testsuites><testsuite name="pytest" errors="0" failures="0" skipped="0" tests="5" time="0.102" timestamp="2025-01-01T18:03:33.895156-03:00" hostname="ariane-B450-AORUS-ELITE-V2"><testcase classname="tests.test_product_service" name="test_get_all_products" time="0.000" /><testcase classname="tests.test_product_service" name="test_get_product_by_id" time="0.000" /><testcase classname="tests.test_product_service" name="test_create_product" time="0.000" /><testcase classname="tests.test_product_service" name="test_update_product" time="0.000" /><testcase classname="tests.test_product_service" name="test_delete_product" time="0.000" /></testsuite></testsuites>